\BOOKMARK [1][-]{section.1}{\376\377\000W\000h\000e\000r\000e\000\040\000w\000e\000\040\000s\000t\000a\000r\000t\000e\000d}{}% 1
\BOOKMARK [2][-]{subsection.1.1}{\376\377\000T\000h\000e\000\040\000P\000I\000\040\000m\000e\000e\000t\000i\000n\000g\000\040\000\050\0004\000\040\000M\000a\000y\000\040\0002\0000\0002\0006\000\051}{section.1}% 2
\BOOKMARK [2][-]{subsection.1.2}{\376\377\000W\000h\000e\000r\000e\000\040\000t\000h\000i\000s\000\040\000f\000i\000t\000s\000\040\000i\000n\000\040\000t\000h\000e\000\040\000b\000i\000g\000g\000e\000r\000\040\000p\000i\000c\000t\000u\000r\000e}{section.1}% 3
\BOOKMARK [1][-]{section.2}{\376\377\000T\000h\000e\000\040\000s\000c\000i\000e\000n\000t\000i\000f\000i\000c\000\040\000q\000u\000e\000s\000t\000i\000o\000n\000,\000\040\000i\000n\000\040\000o\000n\000e\000\040\000p\000a\000r\000a\000g\000r\000a\000p\000h}{}% 4
\BOOKMARK [1][-]{section.3}{\376\377\000T\000h\000e\000\040\000m\000o\000d\000e\000l\000\040\000i\000n\000\040\0003\0000\000\040\000s\000e\000c\000o\000n\000d\000s}{}% 5
\BOOKMARK [1][-]{section.4}{\376\377\000T\000h\000e\000\040\000j\000o\000u\000r\000n\000e\000y\000:\000\040\000a\000\040\0007\000-\000p\000h\000a\000s\000e\000\040\000t\000i\000m\000e\000l\000i\000n\000e}{}% 6
\BOOKMARK [2][-]{subsection.4.1}{\376\377\000P\000h\000a\000s\000e\000\040\0001\000:\000\040\000r\000e\000a\000d\000\040\000e\000v\000e\000r\000y\000t\000h\000i\000n\000g}{section.4}% 7
\BOOKMARK [2][-]{subsection.4.2}{\376\377\000P\000h\000a\000s\000e\000\040\0002\000:\000\040\000r\000e\000-\000d\000e\000r\000i\000v\000e\000\040\000f\000r\000o\000m\000\040\000s\000c\000r\000a\000t\000c\000h}{section.4}% 8
\BOOKMARK [2][-]{subsection.4.3}{\376\377\000P\000h\000a\000s\000e\000\040\0003\000:\000\040\000t\000h\000e\000\040\000f\000i\000r\000s\000t\000\040\000w\000r\000o\000n\000g\000\040\000h\000y\000p\000o\000t\000h\000e\000s\000i\000s}{section.4}% 9
\BOOKMARK [2][-]{subsection.4.4}{\376\377\000P\000h\000a\000s\000e\000\040\0004\000:\000\040\000d\000e\000r\000i\000v\000e\000\040\000t\000h\000e\000\040\000c\0003\000\040\000s\000i\000g\000n\000\040\000f\000r\000o\000m\000\040\000t\000h\000e\000\040\000m\000a\000s\000t\000e\000r\000\040\000e\000q\000u\000a\000t\000i\000o\000n}{section.4}% 10
\BOOKMARK [2][-]{subsection.4.5}{\376\377\000P\000h\000a\000s\000e\000\040\0005\000:\000\040\000v\000e\000r\000i\000f\000y\000\040\000w\000i\000t\000h\000\040\000M\000o\000n\000t\000e\000\040\000C\000a\000r\000l\000o}{section.4}% 11
\BOOKMARK [3][-]{subsubsection.4.5.1}{\376\377\000P\000y\000t\000h\000o\000n\000\040\000K\000M\000C\000\040\000\050\000s\000m\000a\000l\000l\000\040\000s\000c\000a\000l\000e\000\051}{subsection.4.5}% 12
\BOOKMARK [3][-]{subsubsection.4.5.2}{\376\377\000F\000o\000r\000t\000r\000a\000n\000\040\000K\000M\000C\000\040\000\050\000h\000i\000g\000h\000\040\000s\000t\000a\000t\000i\000s\000t\000i\000c\000s\000\051}{subsection.4.5}% 13
\BOOKMARK [2][-]{subsection.4.6}{\376\377\000P\000h\000a\000s\000e\000\040\0006\000:\000\040\000r\000o\000b\000u\000s\000t\000n\000e\000s\000s\000\040\000c\000h\000e\000c\000k}{section.4}% 14
\BOOKMARK [2][-]{subsection.4.7}{\376\377\000P\000h\000a\000s\000e\000\040\0007\000:\000\040\000t\000h\000e\000\040\000s\000e\000c\000o\000n\000d\000\040\000b\000u\000g}{section.4}% 15
\BOOKMARK [1][-]{section.5}{\376\377\000W\000h\000e\000r\000e\000\040\000t\000h\000e\000\040\000t\000w\000o\000\040\000b\000u\000g\000s\000\040\000l\000i\000v\000e\000\040\000i\000n\000\040\000t\000h\000e\000\040\000m\000a\000t\000r\000i\000x}{}% 16
\BOOKMARK [1][-]{section.6}{\376\377\000T\000h\000e\000\040\000c\000o\000d\000e\000s\000\040\000w\000e\000\040\000w\000r\000o\000t\000e}{}% 17
\BOOKMARK [2][-]{subsection.6.1}{\376\377\000F\000o\000r\000t\000r\000a\000n\000\040\000K\000M\000C}{section.6}% 18
\BOOKMARK [2][-]{subsection.6.2}{\376\377\000P\000y\000t\000h\000o\000n\000\040\000t\000h\000e\000o\000r\000y}{section.6}% 19
\BOOKMARK [2][-]{subsection.6.3}{\376\377\000D\000i\000a\000g\000n\000o\000s\000t\000i\000c\000\040\000s\000c\000r\000i\000p\000t\000s}{section.6}% 20
\BOOKMARK [2][-]{subsection.6.4}{\376\377\000F\000i\000g\000u\000r\000e\000\040\000s\000c\000r\000i\000p\000t\000s}{section.6}% 21
\BOOKMARK [2][-]{subsection.6.5}{\376\377\000I\000n\000t\000e\000r\000a\000c\000t\000i\000v\000e\000\040\000w\000i\000d\000g\000e\000t\000s}{section.6}% 22
\BOOKMARK [1][-]{section.7}{\376\377\000T\000h\000e\000\040\000h\000e\000a\000d\000l\000i\000n\000e\000\040\000f\000i\000g\000u\000r\000e}{}% 23
\BOOKMARK [1][-]{section.8}{\376\377\000T\000h\000e\000\040\000v\000e\000r\000i\000f\000i\000c\000a\000t\000i\000o\000n\000\040\000c\000h\000a\000i\000n\000\040\000i\000n\000\040\000p\000i\000c\000t\000u\000r\000e\000s}{}% 24
\BOOKMARK [1][-]{section.9}{\376\377\000W\000h\000a\000t\000\040\000t\000h\000i\000s\000\040\000m\000e\000a\000n\000s\000\040\000f\000o\000r\000\040\000t\000h\000e\000\040\000p\000a\000p\000e\000r}{}% 25
\BOOKMARK [2][-]{subsection.9.1}{\376\377\000C\000o\000n\000c\000r\000e\000t\000e\000\040\000d\000e\000l\000i\000v\000e\000r\000a\000b\000l\000e\000s\000\040\000f\000o\000r\000\040\000t\000h\000e\000\040\000C\000o\000n\000f\000i\000n\000e\000m\000e\000n\000t\000-\0002\0000\0002\0001\000\040\000d\000r\000a\000f\000t}{section.9}% 26
\BOOKMARK [2][-]{subsection.9.2}{\376\377\000W\000h\000a\000t\000'\000s\000\040\000s\000t\000i\000l\000l\000\040\000m\000i\000s\000s\000i\000n\000g}{section.9}% 27
\BOOKMARK [1][-]{section.10}{\376\377\000H\000o\000n\000e\000s\000t\000\040\000a\000s\000s\000e\000s\000s\000m\000e\000n\000t\000:\000\040\000w\000h\000a\000t\000\040\000I\000\040\000a\000c\000t\000u\000a\000l\000l\000y\000\040\000d\000i\000d}{}% 28
\BOOKMARK [2][-]{subsection.10.1}{\376\377\000W\000h\000a\000t\000'\000s\000\040\000m\000i\000n\000e}{section.10}% 29
\BOOKMARK [2][-]{subsection.10.2}{\376\377\000W\000h\000a\000t\000\040\000w\000a\000s\000\040\000a\000l\000r\000e\000a\000d\000y\000\040\000t\000h\000e\000r\000e}{section.10}% 30
\BOOKMARK [2][-]{subsection.10.3}{\376\377\000W\000h\000e\000r\000e\000\040\000I\000\040\000w\000e\000n\000t\000\040\000w\000r\000o\000n\000g}{section.10}% 31
\BOOKMARK [1][-]{section.11}{\376\377\000T\000h\000e\000\040\000i\000n\000t\000e\000r\000a\000c\000t\000i\000v\000e\000\040\000t\000o\000o\000l\000s\000,\000\040\000i\000n\000\040\000d\000e\000t\000a\000i\000l}{}% 32
\BOOKMARK [2][-]{subsection.11.1}{\376\377\000J\000M\000V\000R\000\040\000s\000i\000n\000g\000l\000e\000-\000w\000a\000l\000k\000e\000r\000\040\000v\000i\000e\000w\000e\000r}{section.11}% 33
\BOOKMARK [2][-]{subsection.11.2}{\376\377\000T\000C\000R\000W\000\040\000s\000i\000n\000g\000l\000e\000-\000w\000a\000l\000k\000e\000r\000\040\000v\000i\000e\000w\000e\000r}{section.11}% 34
\BOOKMARK [1][-]{section.12}{\376\377\000W\000h\000a\000t\000'\000s\000\040\000n\000e\000x\000t}{}% 35
\BOOKMARK [1][-]{section.13}{\376\377\000F\000i\000l\000e\000s\000\040\000i\000n\000v\000e\000n\000t\000o\000r\000y}{}% 36
\BOOKMARK [1][-]{section.14}{\376\377\000A\000c\000k\000n\000o\000w\000l\000e\000d\000g\000e\000m\000e\000n\000t\000s}{}% 37
\BOOKMARK [1][-]{section.15}{\376\377\000C\000l\000o\000s\000i\000n\000g}{}% 38
