\BOOKMARK [1][-]{section.1}{\376\377\000I\000n\000t\000r\000o\000d\000u\000c\000t\000i\000o\000n\000\040\000a\000n\000d\000\040\000r\000o\000a\000d\000m\000a\000p}{}% 1
\BOOKMARK [2][-]{subsection.1.1}{\376\377\000W\000h\000y\000\040\000t\000h\000i\000s\000\040\000c\000a\000l\000c\000u\000l\000a\000t\000i\000o\000n\000\040\000m\000a\000t\000t\000e\000r\000s}{section.1}% 2
\BOOKMARK [2][-]{subsection.1.2}{\376\377\000W\000h\000a\000t\000\040\000t\000h\000i\000s\000\040\000d\000o\000c\000u\000m\000e\000n\000t\000\040\000d\000o\000e\000s}{section.1}% 3
\BOOKMARK [2][-]{subsection.1.3}{\376\377\000R\000o\000a\000d\000m\000a\000p\000\040\000o\000f\000\040\000t\000h\000e\000\040\000d\000e\000r\000i\000v\000a\000t\000i\000o\000n}{section.1}% 4
\BOOKMARK [2][-]{subsection.1.4}{\376\377\000N\000o\000t\000a\000t\000i\000o\000n\000\040\000r\000e\000f\000e\000r\000e\000n\000c\000e}{section.1}% 5
\BOOKMARK [1][-]{section.2}{\376\377\000P\000h\000y\000s\000i\000c\000a\000l\000\040\000p\000i\000c\000t\000u\000r\000e\000:\000\040\000r\000u\000n\000,\000\040\000t\000u\000m\000b\000l\000e\000,\000\040\000r\000e\000p\000e\000a\000t}{}% 6
\BOOKMARK [1][-]{section.3}{\376\377\000T\000h\000e\000\040\000m\000o\000d\000e\000l}{}% 7
\BOOKMARK [2][-]{subsection.3.1}{\376\377\000T\000h\000e\000\040\000t\000r\000i\000a\000n\000g\000u\000l\000a\000r\000\040\000B\000r\000a\000v\000a\000i\000s\000\040\000l\000a\000t\000t\000i\000c\000e}{section.3}% 8
\BOOKMARK [2][-]{subsection.3.2}{\376\377\000N\000e\000a\000r\000e\000s\000t\000\040\000n\000e\000i\000g\000h\000b\000o\000u\000r\000s}{section.3}% 9
\BOOKMARK [2][-]{subsection.3.3}{\376\377\000T\000o\000r\000u\000s\000\040\000g\000e\000o\000m\000e\000t\000r\000y\000\040\000\050\000p\000e\000r\000i\000o\000d\000i\000c\000\040\000b\000o\000u\000n\000d\000a\000r\000y\000\040\000c\000o\000n\000d\000i\000t\000i\000o\000n\000s\000\051}{section.3}% 10
\BOOKMARK [2][-]{subsection.3.4}{\376\377\000T\000h\000e\000\040\000w\000a\000l\000k\000e\000r\000\040\000a\000n\000d\000\040\000i\000t\000s\000\040\000t\000r\000a\000n\000s\000i\000t\000i\000o\000n\000\040\000r\000a\000t\000e\000s}{section.3}% 11
\BOOKMARK [1][-]{section.4}{\376\377\000T\000h\000e\000\040\000m\000a\000s\000t\000e\000r\000\040\000e\000q\000u\000a\000t\000i\000o\000n}{}% 12
\BOOKMARK [2][-]{subsection.4.1}{\376\377\000S\000e\000t\000u\000p}{section.4}% 13
\BOOKMARK [2][-]{subsection.4.2}{\376\377\000E\000x\000p\000l\000i\000c\000i\000t\000\040\000f\000o\000r\000m\000\040\000f\000o\000r\000\040\000m\000\040\000=\000\040\0000}{section.4}% 14
\BOOKMARK [2][-]{subsection.4.3}{\376\377\000E\000x\000p\000l\000i\000c\000i\000t\000\040\000f\000o\000r\000m\000\040\000f\000o\000r\000\040\000m\000\040\000=\000\040\0002\000\040\000\050\000t\000h\000e\000\040\000b\000u\000g\000g\000y\000\040\000d\000i\000r\000e\000c\000t\000o\000r\000\051}{section.4}% 15
\BOOKMARK [2][-]{subsection.4.4}{\376\377\000P\000r\000o\000b\000a\000b\000i\000l\000i\000t\000y\000\040\000c\000o\000n\000s\000e\000r\000v\000a\000t\000i\000o\000n}{section.4}% 16
\BOOKMARK [1][-]{section.5}{\376\377\000F\000o\000u\000r\000i\000e\000r\000\040\000t\000r\000a\000n\000s\000f\000o\000r\000m\000\040\000o\000n\000\040\000t\000h\000e\000\040\000t\000r\000i\000a\000n\000g\000u\000l\000a\000r\000\040\000t\000o\000r\000u\000s}{}% 17
\BOOKMARK [2][-]{subsection.5.1}{\376\377\000R\000e\000c\000i\000p\000r\000o\000c\000a\000l\000\040\000l\000a\000t\000t\000i\000c\000e}{section.5}% 18
\BOOKMARK [2][-]{subsection.5.2}{\376\377\000A\000l\000l\000o\000w\000e\000d\000\040\000w\000a\000v\000e\000v\000e\000c\000t\000o\000r\000s\000\040\000o\000n\000\040\000t\000h\000e\000\040\000t\000o\000r\000u\000s}{section.5}% 19
\BOOKMARK [3][-]{subsubsection.5.2.1}{\376\377\000T\000h\000e\000\040\000h\000e\000x\000a\000g\000o\000n\000a\000l\000\040\000B\000r\000i\000l\000l\000o\000u\000i\000n\000\040\000z\000o\000n\000e}{subsection.5.2}% 20
\BOOKMARK [2][-]{subsection.5.3}{\376\377\000T\000h\000e\000\040\000C\000a\000r\000t\000e\000s\000i\000a\000n\000-\000t\000o\000-\000i\000n\000d\000e\000x\000\040\000s\000i\000m\000p\000l\000i\000f\000i\000c\000a\000t\000i\000o\000n}{section.5}% 21
\BOOKMARK [2][-]{subsection.5.4}{\376\377\000T\000h\000e\000\040\000d\000i\000s\000c\000r\000e\000t\000e\000\040\000F\000o\000u\000r\000i\000e\000r\000\040\000p\000a\000i\000r}{section.5}% 22
\BOOKMARK [2][-]{subsection.5.5}{\376\377\000T\000r\000a\000n\000s\000f\000o\000r\000m\000i\000n\000g\000\040\000t\000h\000e\000\040\000m\000a\000s\000t\000e\000r\000\040\000e\000q\000u\000a\000t\000i\000o\000n\000\040\000t\000e\000r\000m\000\040\000b\000y\000\040\000t\000e\000r\000m}{section.5}% 23
\BOOKMARK [1][-]{section.6}{\376\377\000T\000h\000e\000\040\0006\000\040\0006\000\040\000B\000l\000o\000c\000h\000\040\000m\000a\000t\000r\000i\000x\000\040\000M\000\050\000k\000\051}{}% 24
\BOOKMARK [2][-]{subsection.6.1}{\376\377\000D\000e\000f\000i\000n\000i\000n\000g\000\040\000M\000\050\000k\000\051}{section.6}% 25
\BOOKMARK [2][-]{subsection.6.2}{\376\377\000D\000i\000a\000g\000o\000n\000a\000l\000:\000\040\000f\000o\000r\000w\000a\000r\000d\000-\000b\000a\000c\000k\000w\000a\000r\000d\000\040\000p\000a\000i\000r}{section.6}% 26
\BOOKMARK [2][-]{subsection.6.3}{\376\377\000D\000i\000a\000g\000o\000n\000a\000l\000:\000\040\000s\000i\000d\000e\000w\000a\000y\000s\000\040\000p\000a\000i\000r\000s}{section.6}% 27
\BOOKMARK [2][-]{subsection.6.4}{\376\377\000T\000h\000e\000\040\000b\000u\000l\000k\000\040\000t\000e\000r\000m\000\040\000B\000\050\000k\000\051\000\040\000i\000s\000\040\000m\000-\000i\000n\000d\000e\000p\000e\000n\000d\000e\000n\000t}{section.6}% 28
\BOOKMARK [2][-]{subsection.6.5}{\376\377\000P\000u\000t\000t\000i\000n\000g\000\040\000t\000o\000g\000e\000t\000h\000e\000r\000\040\000t\000h\000e\000\040\000d\000i\000a\000g\000o\000n\000a\000l\000\040\000e\000n\000t\000r\000y}{section.6}% 29
\BOOKMARK [2][-]{subsection.6.6}{\376\377\000C\000o\000n\000j\000u\000g\000a\000t\000i\000o\000n\000\040\000p\000a\000i\000r\000i\000n\000g\000\040\000o\000f\000\040\000t\000h\000e\000\040\000d\000i\000a\000g\000o\000n\000a\000l\000\040\000e\000n\000t\000r\000i\000e\000s}{section.6}% 30
\BOOKMARK [2][-]{subsection.6.7}{\376\377\000N\000a\000m\000i\000n\000g\000\040\000c\000o\000n\000v\000e\000n\000t\000i\000o\000n\000:\000\040\000c\0001\000,\000\040\000c\0002\000,\000\040\000c\0003}{section.6}% 31
\BOOKMARK [2][-]{subsection.6.8}{\376\377\000E\000x\000p\000l\000i\000c\000i\000t\000\040\000f\000o\000r\000m\000\040\000o\000f\000\040\000c\0001\000,\000\040\000c\0002\000,\000\040\000c\0003}{section.6}% 32
\BOOKMARK [2][-]{subsection.6.9}{\376\377\000T\000h\000e\000\040\000f\000u\000l\000l\000\040\000m\000a\000t\000r\000i\000x}{section.6}% 33
\BOOKMARK [1][-]{section.7}{\376\377\000C\000l\000o\000s\000e\000d\000-\000f\000o\000r\000m\000\040\000c\000h\000e\000c\000k\000:\000\040\000M\000\050\000k\000=\000\040\0000\000\051}{}% 34
\BOOKMARK [1][-]{section.8}{\376\377\000C\000l\000o\000s\000e\000d\000-\000f\000o\000r\000m\000\040\000c\000h\000e\000c\000k\000:\000\040\000t\000h\000e\000\040\000a\000c\000h\000i\000r\000a\000l\000\040\000l\000i\000m\000i\000t\000\040\000=\000\040\0000}{}% 35
\BOOKMARK [1][-]{section.9}{\376\377\000B\000u\000g\000\040\0001\000:\000\040\000t\000h\000e\000\040\000c\0003\000\040\000s\000i\000g\000n\000\040\000e\000r\000r\000o\000r}{}% 36
\BOOKMARK [2][-]{subsection.9.1}{\376\377\000W\000h\000a\000t\000\040\000t\000h\000e\000\040\000C\000o\000n\000f\000i\000n\000e\000m\000e\000n\000t\000\040\000d\000r\000a\000f\000t\000\040\000a\000n\000d\000\040\000r\000t\000p\000\137\000t\000l\000\137\0002\000.\000n\000b\000\040\000s\000t\000a\000t\000e}{section.9}% 37
\BOOKMARK [2][-]{subsection.9.2}{\376\377\000C\000o\000m\000p\000a\000r\000i\000s\000o\000n}{section.9}% 38
\BOOKMARK [2][-]{subsection.9.3}{\376\377\000W\000h\000e\000r\000e\000\040\000t\000h\000e\000\040\000e\000r\000r\000o\000r\000\040\000a\000r\000o\000s\000e}{section.9}% 39
\BOOKMARK [2][-]{subsection.9.4}{\376\377\000W\000h\000y\000\040\000t\000h\000e\000\040\000s\000a\000n\000i\000t\000y\000\040\000c\000h\000e\000c\000k\000s\000\040\000D\000i\000p\000a\000n\000j\000a\000n\000\040\000r\000a\000n\000\040\000d\000i\000d\000\040\000n\000o\000t\000\040\000c\000a\000t\000c\000h\000\040\000i\000t}{section.9}% 40
\BOOKMARK [2][-]{subsection.9.5}{\376\377\000T\000h\000e\000\040\000-\000d\000e\000p\000e\000n\000d\000e\000n\000c\000e\000\040\000o\000f\000\040\000t\000h\000e\000\040\000b\000u\000g\000'\000s\000\040\000v\000i\000s\000i\000b\000i\000l\000i\000t\000y}{section.9}% 41
\BOOKMARK [1][-]{section.10}{\376\377\000B\000u\000g\000\040\0002\000:\000\040\000t\000h\000e\000\040\000P\000B\000C\000\040\000k\000-\000g\000r\000i\000d\000\040\000e\000r\000r\000o\000r}{}% 42
\BOOKMARK [2][-]{subsection.10.1}{\376\377\000W\000h\000a\000t\000\040\000t\000h\000e\000\040\000n\000o\000t\000e\000b\000o\000o\000k\000\040\000u\000s\000e\000s}{section.10}% 43
\BOOKMARK [2][-]{subsection.10.2}{\376\377\000W\000h\000y\000\040\000t\000h\000i\000s\000\040\000k\000-\000g\000r\000i\000d\000\040\000v\000i\000o\000l\000a\000t\000e\000s\000\040\000t\000h\000e\000\040\000t\000o\000r\000u\000s\000\040\000c\000o\000n\000d\000i\000t\000i\000o\000n}{section.10}% 44
\BOOKMARK [2][-]{subsection.10.3}{\376\377\000K\000a\000b\000i\000r\000'\000s\000\040\000s\000k\000e\000w\000-\000P\000B\000C\000\040\000d\000r\000a\000w\000i\000n\000g\000,\000\040\000i\000n\000\040\000p\000i\000c\000t\000u\000r\000e\000s}{section.10}% 45
\BOOKMARK [1][-]{section.11}{\376\377\000S\000o\000l\000v\000i\000n\000g\000\040\000t\000h\000e\000\040\000d\000y\000n\000a\000m\000i\000c\000s\000:\000\040\000f\000r\000o\000m\000\040\000M\000\050\000k\000\051\000\040\000t\000o\000\040\000P\000\050\000n\0001\000,\000\040\000n\0002\000,\000\040\000t\000\051}{}% 46
\BOOKMARK [2][-]{subsection.11.1}{\376\377\000T\000i\000m\000e\000\040\000e\000v\000o\000l\000u\000t\000i\000o\000n\000\040\000i\000n\000\040\000F\000o\000u\000r\000i\000e\000r\000\040\000s\000p\000a\000c\000e}{section.11}% 47
\BOOKMARK [2][-]{subsection.11.2}{\376\377\000I\000n\000i\000t\000i\000a\000l\000\040\000c\000o\000n\000d\000i\000t\000i\000o\000n}{section.11}% 48
\BOOKMARK [2][-]{subsection.11.3}{\376\377\000M\000a\000t\000r\000i\000x\000\040\000e\000x\000p\000o\000n\000e\000n\000t\000i\000a\000l\000\040\000v\000i\000a\000\040\000e\000i\000g\000e\000n\000d\000e\000c\000o\000m\000p\000o\000s\000i\000t\000i\000o\000n}{section.11}% 49
\BOOKMARK [2][-]{subsection.11.4}{\376\377\000M\000a\000r\000g\000i\000n\000a\000l\000\040\000o\000v\000e\000r\000\040\000d\000i\000r\000e\000c\000t\000o\000r\000:\000\040\000t\000o\000t\000a\000l\000\040\000p\000r\000o\000b\000a\000b\000i\000l\000i\000t\000y}{section.11}% 50
\BOOKMARK [2][-]{subsection.11.5}{\376\377\000I\000n\000v\000e\000r\000s\000e\000\040\000F\000o\000u\000r\000i\000e\000r\000\040\000t\000r\000a\000n\000s\000f\000o\000r\000m\000\040\000o\000n\000t\000o\000\040\000t\000h\000e\000\040\000l\000a\000t\000t\000i\000c\000e}{section.11}% 51
\BOOKMARK [1][-]{section.12}{\376\377\000V\000e\000r\000i\000f\000i\000c\000a\000t\000i\000o\000n}{}% 52
\BOOKMARK [1][-]{section.13}{\376\377\000S\000u\000m\000m\000a\000r\000y}{}% 53
\BOOKMARK [1][-]{appendix.A}{\376\377\000C\000o\000n\000n\000e\000c\000t\000i\000o\000n\000\040\000t\000o\000\040\000t\000h\000e\000\040\000J\000M\000V\000R\000\040\0001\000D\000\040\000a\000n\000d\000\040\0002\000D\000-\000s\000q\000u\000a\000r\000e\000\040\000c\000a\000s\000e\000s}{}% 54
